Removed Pin From Net: NetName=+3.3V Pin=C1-2
Removed Pin From Net: NetName=+3.3V Pin=C2-2
Removed Pin From Net: NetName=+5 Pin=V2-1
Removed Pin From Net: NetName=GND Pin=V2-2
Removed Pin From Net: NetName=+3.3V Pin=V2-5
Change Component Footprint: Designator=V2 Old Footprint=SOT-23-5 New Footprint=SOT223_L
Change Component Comment : Designator=C3 Old Comment=10nF New Comment=10uF
Change Component Comment : Designator=C2 Old Comment=10uF New Comment=104
Change Component Comment : Designator=C1 Old Comment=104 New Comment=10uF
Change Component Comment : Designator=V2 Old Comment=LP2992-3.3V New Comment=AMS1117-3V3
Change Component Designator: OldDesignator=C4 NewDesignator=C5
Change Component Designator: OldDesignator=C5 NewDesignator=C6
Change Component Designator: OldDesignator=C6 NewDesignator=C7
Change Component Designator: OldDesignator=C7 NewDesignator=C8
Change Component Designator: OldDesignator=C8 NewDesignator=C9
Change Component Designator: OldDesignator=C9 NewDesignator=C10
Change Component Designator: OldDesignator=C10 NewDesignator=C11
Change Component Designator: OldDesignator=C11 NewDesignator=C12
Change Component Designator: OldDesignator=C12 NewDesignator=C13
Change Component Designator: OldDesignator=C13 NewDesignator=C14
Change Component Designator: OldDesignator=C14 NewDesignator=C15
Change Component Designator: OldDesignator=C15 NewDesignator=C16
Change Component Designator: OldDesignator=C16 NewDesignator=C17
Change component parameters: Designator = "V2" ("V2"); Footprint = "SOT-23-5"; UniqueID = "\IYHKBRFU" ("\IYHKBRFU")
Change component parameters (AddParameter): Name = "BOM名称"; Value = "稳压芯片"; VariantName = "[No Variations]"
Change component parameters (AddParameter): Name = "封装库来自淘宝卖家ID：黄晶宝石"; Value = "其他店铺购入的买家，请立即申请退款，本店现金奖励20~1000元"; VariantName = "[No Variations]"
Added Component: Designator=C4(C0805_L)
Add component (AddParameter): Name = "BOM名称"; Value = "无极性贴片电容"; VariantName = "[No Variations]"
Add component (AddParameter): Name = "联系卖家，免费查找封装"; Value = "唯一出售店铺网址https://shop463601444.taobao.com"; VariantName = "[No Variations]"
Added Pin To Net: NetName=+5 Pin=C1-2
Added Pin To Net: NetName=+5 Pin=C2-2
Added Pin To Net: NetName=+3.3V Pin=C3-2
Added Pin To Net: NetName=GND Pin=C4-1
Added Pin To Net: NetName=+3.3V Pin=C4-2
Added Pin To Net: NetName=GND Pin=V2-1
Added Pin To Net: NetName=+3.3V Pin=V2-2
Added Pin To Net: NetName=+3.3V Pin=V2-4
Change Net Name : Old Net Name=NetC4_1 New Net Name=NetC5_1
Change Net Name : Old Net Name=NetC7_2 New Net Name=NetC8_2
Change Net Name : Old Net Name=NetC8_1 New Net Name=NetC9_1
Change Net Name : Old Net Name=NetC9_2 New Net Name=NetC10_2
Added Member To Class: ClassName=main Member=Component C17 104
Added Room: Name=main
