Change Component Designator: OldDesignator=C15 NewDesignator=C19
Change Component Designator: OldDesignator=C16 NewDesignator=C20
Change Component Designator: OldDesignator=C17 NewDesignator=C21
Change Component Designator: OldDesignator=C18 NewDesignator=C22
Change Component Designator: OldDesignator=C19 NewDesignator=C24
Change Component Designator: OldDesignator=C20 NewDesignator=C25
Change Component Designator: OldDesignator=C21 NewDesignator=C26
Change Component Designator: OldDesignator=C22 NewDesignator=C27
Change Component Designator: OldDesignator=R9 NewDesignator=R11
Added Component: Designator=*1(OLED-IIC-096)
Add component (AddParameter): Name = "联系卖家 免费技术支持"; Value = "唯一出售店铺网址https://shop463601444.taobao.com"; VariantName = "[No Variations]"
Added Component: Designator=C15(C0603_L)
Add component (AddParameter): Name = "BOM名称"; Value = "无极性贴片电容"; VariantName = "[No Variations]"
Add component (AddParameter): Name = "联系卖家，免费查找封装"; Value = "唯一出售店铺网址https://shop463601444.taobao.com"; VariantName = "[No Variations]"
Added Component: Designator=C16(C0603_L)
Add component (AddParameter): Name = "BOM名称"; Value = "无极性贴片电容"; VariantName = "[No Variations]"
Add component (AddParameter): Name = "联系卖家，免费查找封装"; Value = "唯一出售店铺网址https://shop463601444.taobao.com"; VariantName = "[No Variations]"
Added Component: Designator=C17(C0603_L)
Add component (AddParameter): Name = "BOM名称"; Value = "无极性贴片电容"; VariantName = "[No Variations]"
Add component (AddParameter): Name = "联系卖家，免费查找封装"; Value = "唯一出售店铺网址https://shop463601444.taobao.com"; VariantName = "[No Variations]"
Added Component: Designator=C18(C0603_L)
Add component (AddParameter): Name = "BOM名称"; Value = "无极性贴片电容"; VariantName = "[No Variations]"
Add component (AddParameter): Name = "联系卖家，免费查找封装"; Value = "唯一出售店铺网址https://shop463601444.taobao.com"; VariantName = "[No Variations]"
Added Component: Designator=C23(C0603_L)
Add component (AddParameter): Name = "BOM名称"; Value = "无极性贴片电容"; VariantName = "[No Variations]"
Add component (AddParameter): Name = "联系卖家，免费查找封装"; Value = "唯一出售店铺网址https://shop463601444.taobao.com"; VariantName = "[No Variations]"
Added Component: Designator=Motor1(XH2.54-LI-6P)
Add component (AddParameter): Name = "BOM名称"; Value = "6P接插件"; VariantName = "[No Variations]"
Add component (AddParameter): Name = "封装库来自淘宝卖家ID:黄晶宝石"; Value = "其他店铺购入均为盗版假冒封装库，请立即申请退款，本店现金奖励20~200元"; VariantName = "[No Variations]"
Add component (AddParameter): Name = "联系卖家，免费查找封装"; Value = "唯一出售店铺网址https://shop463601444.taobao.com"; VariantName = "[No Variations]"
Added Component: Designator=Motor2(XH2.54-LI-6P)
Add component (AddParameter): Name = "BOM名称"; Value = "6P接插件"; VariantName = "[No Variations]"
Add component (AddParameter): Name = "封装库来自淘宝卖家ID:黄晶宝石"; Value = "其他店铺购入均为盗版假冒封装库，请立即申请退款，本店现金奖励20~200元"; VariantName = "[No Variations]"
Add component (AddParameter): Name = "联系卖家，免费查找封装"; Value = "唯一出售店铺网址https://shop463601444.taobao.com"; VariantName = "[No Variations]"
Added Component: Designator=R9(R0603_L)
Add component (AddParameter): Name = "BOM名称"; Value = "贴片电阻"; VariantName = "[No Variations]"
Add component (AddParameter): Name = "联系卖家，免费查找封装"; Value = "唯一出售店铺网址https://shop463601444.taobao.com"; VariantName = "[No Variations]"
Added Component: Designator=R10(R0603_L)
Add component (AddParameter): Name = "BOM名称"; Value = "贴片电阻"; VariantName = "[No Variations]"
Add component (AddParameter): Name = "联系卖家，免费查找封装"; Value = "唯一出售店铺网址https://shop463601444.taobao.com"; VariantName = "[No Variations]"
Added Component: Designator=R12(R0603_L)
Add component (AddParameter): Name = "BOM名称"; Value = "贴片电阻"; VariantName = "[No Variations]"
Add component (AddParameter): Name = "联系卖家，免费查找封装"; Value = "唯一出售店铺网址https://shop463601444.taobao.com"; VariantName = "[No Variations]"
Added Component: Designator=SW1(SW SMD-3*6*2.5)
Add component (AddParameter): Name = "BOM名称"; Value = "3x6轻触开关"; VariantName = "[No Variations]"
Add component (AddParameter): Name = "封装库来自淘宝卖家ID：黄晶宝石"; Value = "其他店铺购入的，请立即申请退款，本店现金奖励20~500元"; VariantName = "[No Variations]"
Add component (AddParameter): Name = "联系卖家，免费查找封装"; Value = "唯一出售店铺网址https://shop463601444.taobao.com"; VariantName = "[No Variations]"
Added Component: Designator=SW2(SW SMD-3*6*2.5)
Add component (AddParameter): Name = "BOM名称"; Value = "3x6轻触开关"; VariantName = "[No Variations]"
Add component (AddParameter): Name = "封装库来自淘宝卖家ID：黄晶宝石"; Value = "其他店铺购入的，请立即申请退款，本店现金奖励20~500元"; VariantName = "[No Variations]"
Add component (AddParameter): Name = "联系卖家，免费查找封装"; Value = "唯一出售店铺网址https://shop463601444.taobao.com"; VariantName = "[No Variations]"
Added Component: Designator=SW3(SW SMD-3*6*2.5)
Add component (AddParameter): Name = "BOM名称"; Value = "3x6轻触开关"; VariantName = "[No Variations]"
Add component (AddParameter): Name = "封装库来自淘宝卖家ID：黄晶宝石"; Value = "其他店铺购入的，请立即申请退款，本店现金奖励20~500元"; VariantName = "[No Variations]"
Add component (AddParameter): Name = "联系卖家，免费查找封装"; Value = "唯一出售店铺网址https://shop463601444.taobao.com"; VariantName = "[No Variations]"
Added Component: Designator=U5(QFN24 4x4_M)
Add component (AddParameter): Name = "封装库来自淘宝卖家ID：黄晶宝石"; Value = "其他店铺购入均为盗版封装库，请立即申请退款，本店现金奖励20~500元"; VariantName = "[No Variations]"
Add component (AddParameter): Name = "联系卖家 免费查找封装"; Value = "唯一出售店铺网址https://shop463601444.taobao.com"; VariantName = "[No Variations]"
Added Component: Designator=U6(SSOP8_L)
Added Pin To Net: NetName=GND Pin=C15-2
Added Pin To Net: NetName=GND Pin=C16-1
Added Pin To Net: NetName=+3.3V Pin=C16-2
Added Pin To Net: NetName=GND Pin=C17-1
Added Pin To Net: NetName=+3.3V Pin=C17-2
Added Pin To Net: NetName=GND Pin=C18-1
Added Pin To Net: NetName=GND Pin=C23-1
Added Pin To Net: NetName=+5V Pin=C23-2
Added Pin To Net: NetName=+5V Pin=Motor1-2
Added Pin To Net: NetName=TIM2_CH1 Pin=Motor1-3
Added Pin To Net: NetName=TIM2_CH2 Pin=Motor1-4
Added Pin To Net: NetName=GND Pin=Motor1-5
Added Pin To Net: NetName=+5V Pin=Motor2-2
Added Pin To Net: NetName=TIM3_CH1 Pin=Motor2-3
Added Pin To Net: NetName=TIM3_CH2 Pin=Motor2-4
Added Pin To Net: NetName=GND Pin=Motor2-5
Added Pin To Net: NetName=I2C_SCL_MPU6050 Pin=R9-1
Added Pin To Net: NetName=+3.3V Pin=R9-2
Added Pin To Net: NetName=I2C_SDA_MPU6050 Pin=R10-1
Added Pin To Net: NetName=+3.3V Pin=R10-2
Added Pin To Net: NetName=GND Pin=R12-1
Added Pin To Net: NetName=GND Pin=SW1-2
Added Pin To Net: NetName=GND Pin=SW2-2
Added Pin To Net: NetName=GND Pin=SW3-2
Added Pin To Net: NetName=+12_VIN Pin=U3-1
Added Pin To Net: NetName=+5V Pin=U3-2
Added Pin To Net: NetName=GND Pin=U3-3
Added Pin To Net: NetName=GND Pin=U3-8
Added Pin To Net: NetName=GND Pin=U3-9
Added Pin To Net: NetName=TIM1_CH2 Pin=U3-10
Added Pin To Net: NetName=+5V Pin=U3-13
Added Pin To Net: NetName=TIM1_CH1 Pin=U3-16
Added Pin To Net: NetName=GND Pin=U5-1
Added Pin To Net: NetName=+3.3V Pin=U5-8
Added Pin To Net: NetName=GND Pin=U5-11
Added Pin To Net: NetName=+3.3V Pin=U5-13
Added Pin To Net: NetName=GND Pin=U5-18
Added Pin To Net: NetName=I2C_SCL_MPU6050 Pin=U5-23
Added Pin To Net: NetName=I2C_SDA_MPU6050 Pin=U5-24
Added Pin To Net: NetName=GND Pin=U6-3
Added Pin To Net: NetName=+5V Pin=U6-5
Added Pin To Net: NetName=USART1_RX Pin=U6-6
Added Pin To Net: NetName=USART1_TX Pin=U6-7
Added Pin To Net: NetName=+3.3V Pin=U6-8
Added Pin To Net: NetName=GND Pin=USBC2-A1
Added Pin To Net: NetName=+5V Pin=USBC2-A4
Added Pin To Net: NetName=+5V Pin=USBC2-A9
Added Pin To Net: NetName=GND Pin=USBC2-A12
Added Pin To Net: NetName=GND Pin=USBC2-B1
Added Pin To Net: NetName=+5V Pin=USBC2-B4
Added Pin To Net: NetName=+5V Pin=USBC2-B9
Added Pin To Net: NetName=GND Pin=USBC2-B12
Change Net Name : Old Net Name=+5V New Net Name=+5
Change Net Name : Old Net Name=NetC15_1 New Net Name=NetC19_1
Change Net Name : Old Net Name=NetC16_2 New Net Name=NetC20_2
Added Pin To Net: NetName=AIN1 Pin=U3-14
Added Pin To Net: NetName=AIN1 Pin=U4-28
Added Net: Name=AIN1
Added Pin To Net: NetName=AIN2 Pin=U3-15
Added Pin To Net: NetName=AIN2 Pin=U4-27
Added Net: Name=AIN2
Added Pin To Net: NetName=AO1 Pin=Motor1-6
Added Pin To Net: NetName=AO1 Pin=U3-4
Added Net: Name=AO1
Added Pin To Net: NetName=AO2 Pin=Motor1-1
Added Pin To Net: NetName=AO2 Pin=U3-5
Added Net: Name=AO2
Added Pin To Net: NetName=BIN1 Pin=U3-12
Added Pin To Net: NetName=BIN1 Pin=U4-26
Added Net: Name=BIN1
Added Pin To Net: NetName=BIN2 Pin=U3-11
Added Pin To Net: NetName=BIN2 Pin=U4-25
Added Net: Name=BIN2
Added Pin To Net: NetName=BO1 Pin=Motor2-6
Added Pin To Net: NetName=BO1 Pin=U3-7
Added Net: Name=BO1
Added Pin To Net: NetName=BO2 Pin=Motor2-1
Added Pin To Net: NetName=BO2 Pin=U3-6
Added Net: Name=BO2
Added Pin To Net: NetName=NetC15_1 Pin=C15-1
Added Pin To Net: NetName=NetC15_1 Pin=U5-20
Added Net: Name=NetC15_1
Added Pin To Net: NetName=NetC18_2 Pin=C18-2
Added Pin To Net: NetName=NetC18_2 Pin=U5-10
Added Net: Name=NetC18_2
Added Pin To Net: NetName=NetR12_2 Pin=R12-2
Added Pin To Net: NetName=NetR12_2 Pin=U5-9
Added Net: Name=NetR12_2
Added Pin To Net: NetName=NetSW1_1 Pin=SW1-1
Added Pin To Net: NetName=NetSW1_1 Pin=U4-18
Added Net: Name=NetSW1_1
Added Pin To Net: NetName=NetSW2_1 Pin=SW2-1
Added Pin To Net: NetName=NetSW2_1 Pin=U4-19
Added Net: Name=NetSW2_1
Added Pin To Net: NetName=NetSW3_1 Pin=SW3-1
Added Pin To Net: NetName=NetSW3_1 Pin=U4-20
Added Net: Name=NetSW3_1
Added Pin To Net: NetName=USBD+ Pin=U6-1
Added Pin To Net: NetName=USBD+ Pin=USBC2-A6
Added Pin To Net: NetName=USBD+ Pin=USBC2-B6
Added Net: Name=USBD+
Added Pin To Net: NetName=USBD- Pin=U6-2
Added Pin To Net: NetName=USBD- Pin=USBC2-A7
Added Pin To Net: NetName=USBD- Pin=USBC2-B7
Added Net: Name=USBD-
Added Member To Class: ClassName=main Member=Component *1 OLED
Added Member To Class: ClassName=main Member=Component C1 22uf
Added Member To Class: ClassName=main Member=Component C2 4.7uF
Added Member To Class: ClassName=main Member=Component C5 104
Added Member To Class: ClassName=main Member=Component C6 10uF
Added Member To Class: ClassName=main Member=Component C7 22uF
Added Member To Class: ClassName=main Member=Component C8 100nF
Added Member To Class: ClassName=main Member=Component C9 10nF
Added Member To Class: ClassName=main Member=Component C10 10nF
Added Member To Class: ClassName=main Member=Component C11 22uF
Added Member To Class: ClassName=main Member=Component C23 104
Added Member To Class: ClassName=main Member=Component C24 104
Added Member To Class: ClassName=main Member=Component C25 104
Added Member To Class: ClassName=main Member=Component C26 104
Added Member To Class: ClassName=main Member=Component C27 104
Added Member To Class: ClassName=main Member=Component D1 SS14
Added Member To Class: ClassName=main Member=Component L1 15uH
Added Member To Class: ClassName=main Member=Component Motor1 HDR-1X6
Added Member To Class: ClassName=main Member=Component Motor2 HDR-1X6
Added Member To Class: ClassName=main Member=Component R1 10K
Added Member To Class: ClassName=main Member=Component R10 10K
Added Member To Class: ClassName=main Member=Component R11 10K
Added Member To Class: ClassName=main Member=Component R12 10K
Added Member To Class: ClassName=main Member=Component SW1 3x6x5
Added Member To Class: ClassName=main Member=Component SW2 3x6x5
Added Member To Class: ClassName=main Member=Component SW3 3x6x5
Added Member To Class: ClassName=main Member=Component U1 RT8289GSP
Added Member To Class: ClassName=main Member=Component U5 MPU6050
Added Member To Class: ClassName=main Member=Component U6 CH340N
Added Room: Name=main
