Change Component Footprint: Designator=U3 Old Footprint=ESOP8_N New Footprint=TP6612FNG
Change Component Comment : Designator=U3 Old Comment=RT8289GSP New Comment=TB6612FNG_电机驱动模块
Change Component Designator: OldDesignator=12V_INPUT NewDesignator=1
Change Component Designator: OldDesignator=C1 NewDesignator=C16
Change Component Designator: OldDesignator=C2 NewDesignator=C19
Change Component Designator: OldDesignator=C3 NewDesignator=C20
Change Component Designator: OldDesignator=C4 NewDesignator=C21
Change Component Designator: OldDesignator=C5 NewDesignator=C22
Change Component Designator: OldDesignator=C6 NewDesignator=C15
Change Component Designator: OldDesignator=C7 NewDesignator=C18
Change Component Designator: OldDesignator=C8 NewDesignator=C17
Change Component Designator: OldDesignator=C9 NewDesignator=C3
Change Component Designator: OldDesignator=C10 NewDesignator=C4
Change Component Designator: OldDesignator=C11 NewDesignator=C13
Change Component Designator: OldDesignator=D1 NewDesignator=D2
Change Component Designator: OldDesignator=L1 NewDesignator=L2
Change Component Designator: OldDesignator=R1 NewDesignator=R9
Change Component Designator: OldDesignator=REST NewDesignator=REST1
Change Component Designator: OldDesignator=SYS NewDesignator=SYS1
Change Component Designator: OldDesignator=U1 NewDesignator=U4
Change Component Designator: OldDesignator=USBC1 NewDesignator=USBC2
Change Component Designator: OldDesignator=USBC NewDesignator=USBC1
Change component parameters: Designator = "U3" ("U3"); Footprint = "ESOP8_N"; UniqueID = "\CTINZBBG" ("\CTINZBBG")
Change component parameters (AddParameter): Name = "BOM_Manufacturer Part"; Value = ""; VariantName = "[No Variations]"
Change component parameters (AddParameter): Name = "Contributor"; Value = "TanAifeng"; VariantName = "[No Variations]"
Change component parameters (AddParameter): Name = "spicePre"; Value = "U"; VariantName = "[No Variations]"
Change component parameters (AddParameter): Name = "spiceSymbolName"; Value = "TB6612FNG_电机驱动模块"; VariantName = "[No Variations]"
Added Component: Designator=C1(C0603_L)
Add component (AddParameter): Name = "BOM名称"; Value = "无极性贴片电容"; VariantName = "[No Variations]"
Add component (AddParameter): Name = "联系卖家，免费查找封装"; Value = "唯一出售店铺网址https://shop463601444.taobao.com"; VariantName = "[No Variations]"
Added Component: Designator=C2(C0603_L)
Add component (AddParameter): Name = "BOM名称"; Value = "无极性贴片电容"; VariantName = "[No Variations]"
Add component (AddParameter): Name = "联系卖家，免费查找封装"; Value = "唯一出售店铺网址https://shop463601444.taobao.com"; VariantName = "[No Variations]"
Added Component: Designator=C5(C0603_L)
Add component (AddParameter): Name = "BOM名称"; Value = "无极性贴片电容"; VariantName = "[No Variations]"
Add component (AddParameter): Name = "联系卖家，免费查找封装"; Value = "唯一出售店铺网址https://shop463601444.taobao.com"; VariantName = "[No Variations]"
Added Component: Designator=C6(C0603_L)
Add component (AddParameter): Name = "BOM名称"; Value = "无极性贴片电容"; VariantName = "[No Variations]"
Add component (AddParameter): Name = "联系卖家，免费查找封装"; Value = "唯一出售店铺网址https://shop463601444.taobao.com"; VariantName = "[No Variations]"
Added Component: Designator=C7(C0603_L)
Add component (AddParameter): Name = "BOM名称"; Value = "无极性贴片电容"; VariantName = "[No Variations]"
Add component (AddParameter): Name = "联系卖家，免费查找封装"; Value = "唯一出售店铺网址https://shop463601444.taobao.com"; VariantName = "[No Variations]"
Added Component: Designator=C8(C0603_L)
Add component (AddParameter): Name = "BOM名称"; Value = "无极性贴片电容"; VariantName = "[No Variations]"
Add component (AddParameter): Name = "联系卖家，免费查找封装"; Value = "唯一出售店铺网址https://shop463601444.taobao.com"; VariantName = "[No Variations]"
Added Component: Designator=C9(C0603_L)
Add component (AddParameter): Name = "BOM名称"; Value = "无极性贴片电容"; VariantName = "[No Variations]"
Add component (AddParameter): Name = "联系卖家，免费查找封装"; Value = "唯一出售店铺网址https://shop463601444.taobao.com"; VariantName = "[No Variations]"
Added Component: Designator=C10(C0603_L)
Add component (AddParameter): Name = "BOM名称"; Value = "无极性贴片电容"; VariantName = "[No Variations]"
Add component (AddParameter): Name = "联系卖家，免费查找封装"; Value = "唯一出售店铺网址https://shop463601444.taobao.com"; VariantName = "[No Variations]"
Added Component: Designator=C11(C0603_L)
Add component (AddParameter): Name = "BOM名称"; Value = "无极性贴片电容"; VariantName = "[No Variations]"
Add component (AddParameter): Name = "联系卖家，免费查找封装"; Value = "唯一出售店铺网址https://shop463601444.taobao.com"; VariantName = "[No Variations]"
Added Component: Designator=C12(C0603_L)
Add component (AddParameter): Name = "BOM名称"; Value = "无极性贴片电容"; VariantName = "[No Variations]"
Add component (AddParameter): Name = "联系卖家，免费查找封装"; Value = "唯一出售店铺网址https://shop463601444.taobao.com"; VariantName = "[No Variations]"
Added Component: Designator=C14(C0603_L)
Add component (AddParameter): Name = "BOM名称"; Value = "无极性贴片电容"; VariantName = "[No Variations]"
Add component (AddParameter): Name = "联系卖家，免费查找封装"; Value = "唯一出售店铺网址https://shop463601444.taobao.com"; VariantName = "[No Variations]"
Added Component: Designator=D1(SMA)
Add component (AddParameter): Name = "BOM名称"; Value = "肖特基二极管"; VariantName = "[No Variations]"
Add component (AddParameter): Name = "以赠品形式获赠本封装库的买家，还可联系卖家免费指导AD软件使用"; Value = "封装库来自淘宝卖家ID：黄晶宝石"; VariantName = "[No Variations]"
Add component (AddParameter): Name = "属性"; Value = "40V/1A"; VariantName = "[No Variations]"
Added Component: Designator=E1(CE C(5*5.4))
Add component (AddParameter): Name = "BOM名称"; Value = "贴片电解电容"; VariantName = "[No Variations]"
Add component (AddParameter): Name = "联系卖家，免费查找封装"; Value = "唯一出售店铺网址https://shop463601444.taobao.com"; VariantName = "[No Variations]"
Added Component: Designator=E2(CE C(5*5.4))
Add component (AddParameter): Name = "BOM名称"; Value = "贴片电解电容"; VariantName = "[No Variations]"
Add component (AddParameter): Name = "联系卖家，免费查找封装"; Value = "唯一出售店铺网址https://shop463601444.taobao.com"; VariantName = "[No Variations]"
Added Component: Designator=L1(IND-SMD_L13.5-W12.8)
Add component (AddParameter): Name = "BOM名称"; Value = "小功率贴片电感"; VariantName = "[No Variations]"
Add component (AddParameter): Name = "联系卖家，免费查找封装"; Value = "唯一出售店铺网址https://shop463601444.taobao.com"; VariantName = "[No Variations]"
Added Component: Designator=R1(R0603_L)
Add component (AddParameter): Name = "BOM名称"; Value = "贴片电阻"; VariantName = "[No Variations]"
Add component (AddParameter): Name = "联系卖家，免费查找封装"; Value = "唯一出售店铺网址https://shop463601444.taobao.com"; VariantName = "[No Variations]"
Added Component: Designator=R2(R0603_L)
Add component (AddParameter): Name = "BOM名称"; Value = "贴片电阻"; VariantName = "[No Variations]"
Add component (AddParameter): Name = "联系卖家，免费查找封装"; Value = "唯一出售店铺网址https://shop463601444.taobao.com"; VariantName = "[No Variations]"
Added Component: Designator=R3(R0603_L)
Add component (AddParameter): Name = "BOM名称"; Value = "贴片电阻"; VariantName = "[No Variations]"
Add component (AddParameter): Name = "联系卖家，免费查找封装"; Value = "唯一出售店铺网址https://shop463601444.taobao.com"; VariantName = "[No Variations]"
Added Component: Designator=R4(R0603_L)
Add component (AddParameter): Name = "BOM名称"; Value = "贴片电阻"; VariantName = "[No Variations]"
Add component (AddParameter): Name = "联系卖家，免费查找封装"; Value = "唯一出售店铺网址https://shop463601444.taobao.com"; VariantName = "[No Variations]"
Added Component: Designator=R5(R0603_L)
Add component (AddParameter): Name = "BOM名称"; Value = "贴片电阻"; VariantName = "[No Variations]"
Add component (AddParameter): Name = "联系卖家，免费查找封装"; Value = "唯一出售店铺网址https://shop463601444.taobao.com"; VariantName = "[No Variations]"
Added Component: Designator=R6(R0603_L)
Add component (AddParameter): Name = "BOM名称"; Value = "贴片电阻"; VariantName = "[No Variations]"
Add component (AddParameter): Name = "联系卖家，免费查找封装"; Value = "唯一出售店铺网址https://shop463601444.taobao.com"; VariantName = "[No Variations]"
Added Component: Designator=R7(R0603_L)
Add component (AddParameter): Name = "BOM名称"; Value = "贴片电阻"; VariantName = "[No Variations]"
Add component (AddParameter): Name = "联系卖家，免费查找封装"; Value = "唯一出售店铺网址https://shop463601444.taobao.com"; VariantName = "[No Variations]"
Added Component: Designator=R8(R0603_L)
Add component (AddParameter): Name = "BOM名称"; Value = "贴片电阻"; VariantName = "[No Variations]"
Add component (AddParameter): Name = "联系卖家，免费查找封装"; Value = "唯一出售店铺网址https://shop463601444.taobao.com"; VariantName = "[No Variations]"
Added Component: Designator=U1(ESOP8_N)
Add component (AddParameter): Name = "BOM_JLCPCB Part Class"; Value = "Extended Part"; VariantName = "[No Variations]"
Add component (AddParameter): Name = "BOM_Manufacturer"; Value = "RICHTEK(立)"; VariantName = "[No Variations]"
Add component (AddParameter): Name = "BOM_Manufacturer Part"; Value = "RT8289GSP"; VariantName = "[No Variations]"
Add component (AddParameter): Name = "BOM_Supplier"; Value = "LCSC"; VariantName = "[No Variations]"
Add component (AddParameter): Name = "BOM_Supplier Part"; Value = "C39202"; VariantName = "[No Variations]"
Add component (AddParameter): Name = "spicePre"; Value = "U"; VariantName = "[No Variations]"
Add component (AddParameter): Name = "spiceSymbolName"; Value = "RT8289GSP"; VariantName = "[No Variations]"
Added Component: Designator=V1(SOT-23-5)
Added Pin To Net: NetName=+12_VIN Pin=C1-1
Added Pin To Net: NetName=GND Pin=C1-2
Added Pin To Net: NetName=+12_VIN Pin=C2-1
Added Pin To Net: NetName=GND Pin=C2-2
Added Pin To Net: NetName=GND Pin=C5-1
Added Pin To Net: NetName=+3.3V Pin=C5-2
Added Pin To Net: NetName=GND Pin=C6-1
Added Pin To Net: NetName=+3.3V Pin=C6-2
Added Pin To Net: NetName=GND Pin=C7-1
Added Pin To Net: NetName=GND Pin=C8-1
Added Pin To Net: NetName=GND Pin=C9-1
Added Pin To Net: NetName=GND Pin=C11-1
Added Pin To Net: NetName=GND Pin=C12-1
Added Pin To Net: NetName=GND Pin=C14-2
Added Pin To Net: NetName=GND Pin=D1-1
Added Pin To Net: NetName=GND Pin=D2-1
Added Pin To Net: NetName=GND Pin=E1-2
Added Pin To Net: NetName=GND Pin=E2-2
Added Pin To Net: NetName=GND Pin=R3-1
Added Pin To Net: NetName=GND Pin=R4-1
Added Pin To Net: NetName=P_EN1 Pin=R5-1
Added Pin To Net: NetName=+12_VIN Pin=R7-1
Added Pin To Net: NetName=GND Pin=R8-2
Added Pin To Net: NetName=GND Pin=U1-6
Added Pin To Net: NetName=+12_VIN Pin=U1-7
Added Pin To Net: NetName=GND Pin=U1-9
Added Pin To Net: NetName=GND Pin=USBC1-A1
Added Pin To Net: NetName=GND Pin=USBC1-A12
Added Pin To Net: NetName=GND Pin=USBC1-B1
Added Pin To Net: NetName=GND Pin=USBC1-B12
Added Pin To Net: NetName=GND Pin=V1-2
Added Pin To Net: NetName=+3.3V Pin=V1-5
Change Net Name : Old Net Name=NetC1_2 New Net Name=NetC16_2
Change Net Name : Old Net Name=NetC6_1 New Net Name=NetC15_1
Added Pin To Net: NetName=+5V Pin=C7-2
Added Pin To Net: NetName=+5V Pin=C8-2
Added Pin To Net: NetName=+5V Pin=E1-1
Added Pin To Net: NetName=+5V Pin=L1-1
Added Pin To Net: NetName=+5V Pin=R1-2
Added Pin To Net: NetName=+5V Pin=V1-1
Added Pin To Net: NetName=+5V Pin=V1-3
Added Net: Name=+5V
Added Pin To Net: NetName=5V_5A Pin=C11-2
Added Pin To Net: NetName=5V_5A Pin=C12-2
Added Pin To Net: NetName=5V_5A Pin=E2-1
Added Pin To Net: NetName=5V_5A Pin=L2-1
Added Pin To Net: NetName=5V_5A Pin=R2-2
Added Pin To Net: NetName=5V_5A Pin=USBC1-A4
Added Pin To Net: NetName=5V_5A Pin=USBC1-A9
Added Pin To Net: NetName=5V_5A Pin=USBC1-B4
Added Pin To Net: NetName=5V_5A Pin=USBC1-B9
Added Net: Name=5V_5A
Added Pin To Net: NetName=FB1 Pin=R1-1
Added Pin To Net: NetName=FB1 Pin=R3-2
Added Pin To Net: NetName=FB1 Pin=U1-4
Added Net: Name=FB1
Added Pin To Net: NetName=FB Pin=R2-1
Added Pin To Net: NetName=FB Pin=R4-2
Added Pin To Net: NetName=FB Pin=U2-4
Added Net: Name=FB
Added Pin To Net: NetName=NetC9_2 Pin=C9-2
Added Pin To Net: NetName=NetC9_2 Pin=V1-4
Added Net: Name=NetC9_2
Added Pin To Net: NetName=NetC10_1 Pin=C10-1
Added Pin To Net: NetName=NetC10_1 Pin=D1-2
Added Pin To Net: NetName=NetC10_1 Pin=L1-2
Added Pin To Net: NetName=NetC10_1 Pin=U1-8
Added Net: Name=NetC10_1
Added Pin To Net: NetName=NetC10_2 Pin=C10-2
Added Pin To Net: NetName=NetC10_2 Pin=U1-1
Added Net: Name=NetC10_2
Added Pin To Net: NetName=NetC13_1 Pin=C13-1
Added Pin To Net: NetName=NetC13_1 Pin=D2-2
Added Pin To Net: NetName=NetC13_1 Pin=L2-2
Added Pin To Net: NetName=NetC13_1 Pin=U2-8
Added Net: Name=NetC13_1
Added Pin To Net: NetName=NetC13_2 Pin=C13-2
Added Pin To Net: NetName=NetC13_2 Pin=U2-1
Added Net: Name=NetC13_2
Added Pin To Net: NetName=P_EN2 Pin=R6-1
Added Pin To Net: NetName=P_EN2 Pin=U1-5
Added Net: Name=P_EN2
Added Pin To Net: NetName=P_EN Pin=C14-1
Added Pin To Net: NetName=P_EN Pin=R5-2
Added Pin To Net: NetName=P_EN Pin=R6-2
Added Pin To Net: NetName=P_EN Pin=R7-2
Added Pin To Net: NetName=P_EN Pin=R8-1
Added Net: Name=P_EN
Added Member To Class: ClassName=main Member=Component C12 100nF
Added Member To Class: ClassName=main Member=Component C13 10nF
Added Member To Class: ClassName=main Member=Component C14 100nF
Added Member To Class: ClassName=main Member=Component C15 104
Added Member To Class: ClassName=main Member=Component C16 104
Added Member To Class: ClassName=main Member=Component C17 20pF
Added Member To Class: ClassName=main Member=Component C18 20pF
Added Member To Class: ClassName=main Member=Component C19 104
Added Member To Class: ClassName=main Member=Component C20 104
Added Member To Class: ClassName=main Member=Component C21 104
Added Member To Class: ClassName=main Member=Component C22 104
Added Member To Class: ClassName=main Member=Component D2 SS14
Added Member To Class: ClassName=main Member=Component E1 220uF/16V
Added Member To Class: ClassName=main Member=Component E2 220uF/16V
Added Member To Class: ClassName=main Member=Component L2 15uH
Added Member To Class: ClassName=main Member=Component R2 10K
Added Member To Class: ClassName=main Member=Component R3 3.16K
Added Member To Class: ClassName=main Member=Component R4 3.16K
Added Member To Class: ClassName=main Member=Component R5 0R
Added Member To Class: ClassName=main Member=Component R6 0R
Added Member To Class: ClassName=main Member=Component R7 10K
Added Member To Class: ClassName=main Member=Component R8 CMFA103J3600HANT
Added Member To Class: ClassName=main Member=Component R9 10K
Added Member To Class: ClassName=main Member=Component U4 STM32F103CBT6
Added Member To Class: ClassName=main Member=Component V1 LP2992-3.3V
Added Room: Name=main
