Change Component Designator: Old Designator=C5 New Designator=C1
Change Component Designator: Old Designator=C6 New Designator=C2
Change Component Designator: Old Designator=C9 New Designator=C3
Change Component Designator: Old Designator=C15 New Designator=C4
Change Component Designator: Old Designator=C16 New Designator=C5
Change Component Designator: Old Designator=C17 New Designator=C6
Change Component Designator: Old Designator=C18 New Designator=C7
Change Component Designator: Old Designator=C19 New Designator=C8
Change Component Designator: Old Designator=C20 New Designator=C9
Change Component Designator: Old Designator=C21 New Designator=C10
Change Component Designator: Old Designator=C22 New Designator=C11
Change Component Designator: Old Designator=C23 New Designator=C12
Change Component Designator: Old Designator=C24 New Designator=C13
Change Component Designator: Old Designator=C25 New Designator=C14
Change Component Designator: Old Designator=C26 New Designator=C15
Change Component Designator: Old Designator=C27 New Designator=C16
Change Component Designator: Old Designator=D? New Designator=D1
Change Component Designator: Old Designator=D? New Designator=D2
Change Component Designator: Old Designator=E? New Designator=E1
Change Component Designator: Old Designator=E? New Designator=E2
Change Component Designator: Old Designator=JP? New Designator=JP1
Change Component Designator: Old Designator=JP? New Designator=JP2
Change Component Designator: Old Designator=OLED New Designator=OLED1
Change Component Designator: Old Designator=R9 New Designator=R1
Change Component Designator: Old Designator=R10 New Designator=R2
Change Component Designator: Old Designator=R11 New Designator=R3
Change Component Designator: Old Designator=R12 New Designator=R4
Change Component Designator: Old Designator=S? New Designator=S1
Change Component Designator: Old Designator=U3 New Designator=U1
Change Component Designator: Old Designator=U4 New Designator=U2
Change Component Designator: Old Designator=U4 New Designator=U2
Change Component Designator: Old Designator=U5 New Designator=U3
Change Component Designator: Old Designator=U6 New Designator=U4
Change Component Designator: Old Designator=USBC? New Designator=USBC1
Change Component Designator: Old Designator=V1 New Designator=V2
Change Component Designator: Old Designator=V? New Designator=V1
Change Component Designator: Old Designator=¶æ»ú New Designator=¶æ»ú1
