Added Component: Designator=1(DC-005)
Add component (AddParameter): Name = "BOM名称"; Value = "DC电源接口"; VariantName = "[No Variations]"
Add component (AddParameter): Name = "联系卖家 免费技术支持"; Value = "封装库来自淘宝卖家ID：黄晶宝石"; VariantName = "[No Variations]"
Added Component: Designator=C1(C0603_L)
Add component (AddParameter): Name = "BOM名称"; Value = "无极性贴片电容"; VariantName = "[No Variations]"
Add component (AddParameter): Name = "联系卖家，免费查找封装"; Value = "唯一出售店铺网址https://shop463601444.taobao.com"; VariantName = "[No Variations]"
Added Component: Designator=C2(C0603_L)
Add component (AddParameter): Name = "BOM名称"; Value = "无极性贴片电容"; VariantName = "[No Variations]"
Add component (AddParameter): Name = "联系卖家，免费查找封装"; Value = "唯一出售店铺网址https://shop463601444.taobao.com"; VariantName = "[No Variations]"
Added Component: Designator=C3(C0603_L)
Add component (AddParameter): Name = "BOM名称"; Value = "无极性贴片电容"; VariantName = "[No Variations]"
Add component (AddParameter): Name = "联系卖家，免费查找封装"; Value = "唯一出售店铺网址https://shop463601444.taobao.com"; VariantName = "[No Variations]"
Added Component: Designator=C4(C0603_L)
Add component (AddParameter): Name = "BOM名称"; Value = "无极性贴片电容"; VariantName = "[No Variations]"
Add component (AddParameter): Name = "联系卖家，免费查找封装"; Value = "唯一出售店铺网址https://shop463601444.taobao.com"; VariantName = "[No Variations]"
Added Component: Designator=C5(C0603_L)
Add component (AddParameter): Name = "BOM名称"; Value = "无极性贴片电容"; VariantName = "[No Variations]"
Add component (AddParameter): Name = "联系卖家，免费查找封装"; Value = "唯一出售店铺网址https://shop463601444.taobao.com"; VariantName = "[No Variations]"
Added Component: Designator=C6(C0603_L)
Add component (AddParameter): Name = "BOM名称"; Value = "无极性贴片电容"; VariantName = "[No Variations]"
Add component (AddParameter): Name = "联系卖家，免费查找封装"; Value = "唯一出售店铺网址https://shop463601444.taobao.com"; VariantName = "[No Variations]"
Added Component: Designator=C7(C0603_L)
Add component (AddParameter): Name = "BOM名称"; Value = "无极性贴片电容"; VariantName = "[No Variations]"
Add component (AddParameter): Name = "联系卖家，免费查找封装"; Value = "唯一出售店铺网址https://shop463601444.taobao.com"; VariantName = "[No Variations]"
Added Component: Designator=C8(C0603_L)
Add component (AddParameter): Name = "BOM名称"; Value = "无极性贴片电容"; VariantName = "[No Variations]"
Add component (AddParameter): Name = "联系卖家，免费查找封装"; Value = "唯一出售店铺网址https://shop463601444.taobao.com"; VariantName = "[No Variations]"
Added Component: Designator=C9(C0603_L)
Add component (AddParameter): Name = "BOM名称"; Value = "无极性贴片电容"; VariantName = "[No Variations]"
Add component (AddParameter): Name = "联系卖家，免费查找封装"; Value = "唯一出售店铺网址https://shop463601444.taobao.com"; VariantName = "[No Variations]"
Added Component: Designator=C10(C0603_L)
Add component (AddParameter): Name = "BOM名称"; Value = "无极性贴片电容"; VariantName = "[No Variations]"
Add component (AddParameter): Name = "联系卖家，免费查找封装"; Value = "唯一出售店铺网址https://shop463601444.taobao.com"; VariantName = "[No Variations]"
Added Component: Designator=C11(C0603_L)
Add component (AddParameter): Name = "BOM名称"; Value = "无极性贴片电容"; VariantName = "[No Variations]"
Add component (AddParameter): Name = "联系卖家，免费查找封装"; Value = "唯一出售店铺网址https://shop463601444.taobao.com"; VariantName = "[No Variations]"
Added Component: Designator=C12(C0603_L)
Add component (AddParameter): Name = "BOM名称"; Value = "无极性贴片电容"; VariantName = "[No Variations]"
Add component (AddParameter): Name = "联系卖家，免费查找封装"; Value = "唯一出售店铺网址https://shop463601444.taobao.com"; VariantName = "[No Variations]"
Added Component: Designator=C13(C0603_L)
Add component (AddParameter): Name = "BOM名称"; Value = "无极性贴片电容"; VariantName = "[No Variations]"
Add component (AddParameter): Name = "联系卖家，免费查找封装"; Value = "唯一出售店铺网址https://shop463601444.taobao.com"; VariantName = "[No Variations]"
Added Component: Designator=C14(C0603_L)
Add component (AddParameter): Name = "BOM名称"; Value = "无极性贴片电容"; VariantName = "[No Variations]"
Add component (AddParameter): Name = "联系卖家，免费查找封装"; Value = "唯一出售店铺网址https://shop463601444.taobao.com"; VariantName = "[No Variations]"
Added Component: Designator=C15(C0603_L)
Add component (AddParameter): Name = "BOM名称"; Value = "无极性贴片电容"; VariantName = "[No Variations]"
Add component (AddParameter): Name = "联系卖家，免费查找封装"; Value = "唯一出售店铺网址https://shop463601444.taobao.com"; VariantName = "[No Variations]"
Added Component: Designator=C16(C0603_L)
Add component (AddParameter): Name = "BOM名称"; Value = "无极性贴片电容"; VariantName = "[No Variations]"
Add component (AddParameter): Name = "联系卖家，免费查找封装"; Value = "唯一出售店铺网址https://shop463601444.taobao.com"; VariantName = "[No Variations]"
Added Component: Designator=D1(MINI_MELF (LL34))
Add component (AddParameter): Name = "BOM名称"; Value = "高速开关二极管"; VariantName = "[No Variations]"
Add component (AddParameter): Name = "以赠品形式获赠本封装库的买家，还可联系卖家免费指导AD软件使用"; Value = "封装库来自淘宝卖家ID：黄晶宝石"; VariantName = "[No Variations]"
Added Component: Designator=D2(MINI_MELF (LL34))
Add component (AddParameter): Name = "BOM名称"; Value = "高速开关二极管"; VariantName = "[No Variations]"
Add component (AddParameter): Name = "以赠品形式获赠本封装库的买家，还可联系卖家免费指导AD软件使用"; Value = "封装库来自淘宝卖家ID：黄晶宝石"; VariantName = "[No Variations]"
Added Component: Designator=E1(CE D(6.3*7.7))
Add component (AddParameter): Name = "BOM名称"; Value = "贴片电解电容"; VariantName = "[No Variations]"
Add component (AddParameter): Name = "联系卖家，免费查找封装"; Value = "唯一出售店铺网址https://shop463601444.taobao.com"; VariantName = "[No Variations]"
Added Component: Designator=E2(CE D(6.3*7.7))
Add component (AddParameter): Name = "BOM名称"; Value = "贴片电解电容"; VariantName = "[No Variations]"
Add component (AddParameter): Name = "联系卖家，免费查找封装"; Value = "唯一出售店铺网址https://shop463601444.taobao.com"; VariantName = "[No Variations]"
Added Component: Designator=JP1(KF350-2P)
Add component (AddParameter): Name = "BOM名称"; Value = "2P接插件"; VariantName = "[No Variations]"
Add component (AddParameter): Name = "联系卖家，免费技术支持"; Value = "唯一出售店铺网址https://shop463601444.taobao.com"; VariantName = "[No Variations]"
Added Component: Designator=JP2(HDR2.54-LI-4P)
Add component (AddParameter): Name = "BOM名称"; Value = "4P接插件"; VariantName = "[No Variations]"
Add component (AddParameter): Name = "封装库来自淘宝卖家ID:黄晶宝石"; Value = "其他店铺购入均为盗版假冒封装库，请立即申请退款，本店现金奖励20~200元"; VariantName = "[No Variations]"
Add component (AddParameter): Name = "联系卖家，免费查找封装"; Value = "唯一出售店铺网址https://shop463601444.taobao.com"; VariantName = "[No Variations]"
Added Component: Designator=Motor1(XH2.54-LI-6P)
Add component (AddParameter): Name = "BOM名称"; Value = "6P接插件"; VariantName = "[No Variations]"
Add component (AddParameter): Name = "封装库来自淘宝卖家ID:黄晶宝石"; Value = "其他店铺购入均为盗版假冒封装库，请立即申请退款，本店现金奖励20~200元"; VariantName = "[No Variations]"
Add component (AddParameter): Name = "联系卖家，免费查找封装"; Value = "唯一出售店铺网址https://shop463601444.taobao.com"; VariantName = "[No Variations]"
Added Component: Designator=Motor2(XH2.54-LI-6P)
Add component (AddParameter): Name = "BOM名称"; Value = "6P接插件"; VariantName = "[No Variations]"
Add component (AddParameter): Name = "封装库来自淘宝卖家ID:黄晶宝石"; Value = "其他店铺购入均为盗版假冒封装库，请立即申请退款，本店现金奖励20~200元"; VariantName = "[No Variations]"
Add component (AddParameter): Name = "联系卖家，免费查找封装"; Value = "唯一出售店铺网址https://shop463601444.taobao.com"; VariantName = "[No Variations]"
Added Component: Designator=OLED1(OLED-IIC-096)
Add component (AddParameter): Name = "BOM名称"; Value = "4P接插件"; VariantName = "[No Variations]"
Add component (AddParameter): Name = "封装库来自淘宝卖家ID:黄晶宝石"; Value = "其他店铺购入均为盗版假冒封装库，请立即申请退款，本店现金奖励20~200元"; VariantName = "[No Variations]"
Add component (AddParameter): Name = "联系卖家，免费查找封装"; Value = "唯一出售店铺网址https://shop463601444.taobao.com"; VariantName = "[No Variations]"
Added Component: Designator=R1(R0603_L)
Add component (AddParameter): Name = "BOM名称"; Value = "贴片电阻"; VariantName = "[No Variations]"
Add component (AddParameter): Name = "联系卖家，免费查找封装"; Value = "唯一出售店铺网址https://shop463601444.taobao.com"; VariantName = "[No Variations]"
Added Component: Designator=R2(R0603_L)
Add component (AddParameter): Name = "BOM名称"; Value = "贴片电阻"; VariantName = "[No Variations]"
Add component (AddParameter): Name = "联系卖家，免费查找封装"; Value = "唯一出售店铺网址https://shop463601444.taobao.com"; VariantName = "[No Variations]"
Added Component: Designator=R3(R0603_L)
Add component (AddParameter): Name = "BOM名称"; Value = "贴片电阻"; VariantName = "[No Variations]"
Add component (AddParameter): Name = "联系卖家，免费查找封装"; Value = "唯一出售店铺网址https://shop463601444.taobao.com"; VariantName = "[No Variations]"
Added Component: Designator=R4(R0603_L)
Add component (AddParameter): Name = "BOM名称"; Value = "贴片电阻"; VariantName = "[No Variations]"
Add component (AddParameter): Name = "联系卖家，免费查找封装"; Value = "唯一出售店铺网址https://shop463601444.taobao.com"; VariantName = "[No Variations]"
Added Component: Designator=REST1(SW SMD-3*6*2.5)
Add component (AddParameter): Name = "BOM名称"; Value = "3x6轻触开关"; VariantName = "[No Variations]"
Add component (AddParameter): Name = "封装库来自淘宝卖家ID：黄晶宝石"; Value = "其他店铺购入的，请立即申请退款，本店现金奖励20~500元"; VariantName = "[No Variations]"
Add component (AddParameter): Name = "联系卖家，免费查找封装"; Value = "唯一出售店铺网址https://shop463601444.taobao.com"; VariantName = "[No Variations]"
Added Component: Designator=S1(SS-12F23)
Add component (AddParameter): Name = "BOM名称"; Value = "波动开关"; VariantName = "[No Variations]"
Add component (AddParameter): Name = "封装库来自淘宝卖家ID：黄晶宝石"; Value = "其他店铺购入的，请立即申请退款，本店现金奖励20~500元"; VariantName = "[No Variations]"
Add component (AddParameter): Name = "联系卖家，免费查找封装"; Value = "唯一出售店铺网址https://shop463601444.taobao.com"; VariantName = "[No Variations]"
Added Component: Designator=SW1(SW SMD-3*6*2.5)
Add component (AddParameter): Name = "BOM名称"; Value = "3x6轻触开关"; VariantName = "[No Variations]"
Add component (AddParameter): Name = "封装库来自淘宝卖家ID：黄晶宝石"; Value = "其他店铺购入的，请立即申请退款，本店现金奖励20~500元"; VariantName = "[No Variations]"
Add component (AddParameter): Name = "联系卖家，免费查找封装"; Value = "唯一出售店铺网址https://shop463601444.taobao.com"; VariantName = "[No Variations]"
Added Component: Designator=SW2(SW SMD-3*6*2.5)
Add component (AddParameter): Name = "BOM名称"; Value = "3x6轻触开关"; VariantName = "[No Variations]"
Add component (AddParameter): Name = "封装库来自淘宝卖家ID：黄晶宝石"; Value = "其他店铺购入的，请立即申请退款，本店现金奖励20~500元"; VariantName = "[No Variations]"
Add component (AddParameter): Name = "联系卖家，免费查找封装"; Value = "唯一出售店铺网址https://shop463601444.taobao.com"; VariantName = "[No Variations]"
Added Component: Designator=SW3(SW SMD-3*6*2.5)
Add component (AddParameter): Name = "BOM名称"; Value = "3x6轻触开关"; VariantName = "[No Variations]"
Add component (AddParameter): Name = "封装库来自淘宝卖家ID：黄晶宝石"; Value = "其他店铺购入的，请立即申请退款，本店现金奖励20~500元"; VariantName = "[No Variations]"
Add component (AddParameter): Name = "联系卖家，免费查找封装"; Value = "唯一出售店铺网址https://shop463601444.taobao.com"; VariantName = "[No Variations]"
Added Component: Designator=SYS1(HDR2.54-LI-4P)
Add component (AddParameter): Name = "BOM名称"; Value = "4P接插件"; VariantName = "[No Variations]"
Add component (AddParameter): Name = "封装库来自淘宝卖家ID:黄晶宝石"; Value = "其他店铺购入均为盗版假冒封装库，请立即申请退款，本店现金奖励20~200元"; VariantName = "[No Variations]"
Add component (AddParameter): Name = "联系卖家，免费查找封装"; Value = "唯一出售店铺网址https://shop463601444.taobao.com"; VariantName = "[No Variations]"
Added Component: Designator=U1(TP6612FNG)
Add component (AddParameter): Name = "BOM_Manufacturer Part"; Value = ""; VariantName = "[No Variations]"
Add component (AddParameter): Name = "Contributor"; Value = "TanAifeng"; VariantName = "[No Variations]"
Add component (AddParameter): Name = "spicePre"; Value = "U"; VariantName = "[No Variations]"
Add component (AddParameter): Name = "spiceSymbolName"; Value = "TB6612FNG_电机驱动模块"; VariantName = "[No Variations]"
Added Component: Designator=U2(STM-LQFP48_N)
Add component (AddParameter): Name = "ComponentLink1Description"; Value = "Manufacturer URL"; VariantName = "[No Variations]"
Add component (AddParameter): Name = "ComponentLink1URL"; Value = "http://www.st.com/"; VariantName = "[No Variations]"
Add component (AddParameter): Name = "ComponentLink2Description"; Value = "STM32F103 Datasheet"; VariantName = "[No Variations]"
Add component (AddParameter): Name = "ComponentLink2URL"; Value = "http://www.st.com/internet/com/TECHNICAL_RESOURCES/TECHNICAL_LITERATURE/DATASHEET/CD00161566.pdf"; VariantName = "[No Variations]"
Add component (AddParameter): Name = "ComponentLink3Description"; Value = "STM32 Family Web Page"; VariantName = "[No Variations]"
Add component (AddParameter): Name = "ComponentLink3URL"; Value = "www.st.com/stm32"; VariantName = "[No Variations]"
Add component (AddParameter): Name = "DatasheetVersion"; Value = "rev13.0, Apr-2011"; VariantName = "[No Variations]"
Add component (AddParameter): Name = "PackageDescription"; Value = "48-Pin Low-Profile Quad Flat Pack, 7 x 7 mm Body, 0.5 mm Pitch (LQFP48)"; VariantName = "[No Variations]"
Add component (AddParameter): Name = "PackageReference"; Value = "LQFP48"; VariantName = "[No Variations]"
Add component (AddParameter): Name = "PackageVersion"; Value = "rev13, Apr-2011"; VariantName = "[No Variations]"
Add component (AddParameter): Name = "联系卖家，免费查找封装"; Value = "唯一出售店铺网址https://shop463601444.taobao.com"; VariantName = "[No Variations]"
Added Component: Designator=U3(QFN24 4x4_M)
Add component (AddParameter): Name = "封装库来自淘宝卖家ID：黄晶宝石"; Value = "其他店铺购入均为盗版封装库，请立即申请退款，本店现金奖励20~500元"; VariantName = "[No Variations]"
Add component (AddParameter): Name = "联系卖家 免费查找封装"; Value = "唯一出售店铺网址https://shop463601444.taobao.com"; VariantName = "[No Variations]"
Added Component: Designator=U4(SOIC-8)
Added Component: Designator=USBC1(USB-C-SMD_16P)
Add component (AddParameter): Name = "联系卖家 免费技术支持"; Value = "封装库来自淘宝卖家ID：黄晶宝石"; VariantName = "[No Variations]"
Added Component: Designator=V1(TO252)
Add component (AddParameter): Name = "BOM名称"; Value = "5V线性稳压芯片"; VariantName = "[No Variations]"
Add component (AddParameter): Name = "封装库来自淘宝卖家ID：黄晶宝石"; Value = "其他店铺购入的买家，请立即申请退款，本店现金奖励20~1000元"; VariantName = "[No Variations]"
Added Component: Designator=V2(SOT-23-5)
Added Component: Designator=X1(XTAL-5032-2P)
Add component (AddParameter): Name = "BOM名称"; Value = "2脚无源晶振(谐振器）"; VariantName = "[No Variations]"
Add component (AddParameter): Name = "联系卖家，免费查找封装"; Value = "唯一出售店铺网址https://shop463601444.taobao.com"; VariantName = "[No Variations]"
Added Component: Designator=舵机1(HDR2.54-LI-3P)
Add component (AddParameter): Name = "BOM名称"; Value = "3P接插件"; VariantName = "[No Variations]"
Add component (AddParameter): Name = "封装库来自淘宝卖家ID:黄晶宝石"; Value = "其他店铺购入均为盗版假冒封装库，请立即申请退款，本店现金奖励20~200元"; VariantName = "[No Variations]"
Add component (AddParameter): Name = "联系卖家，免费查找封装"; Value = "唯一出售店铺网址https://shop463601444.taobao.com"; VariantName = "[No Variations]"
Added Pin To Net: NetName=Net1_1 Pin=1-1
Added Pin To Net: NetName=GND Pin=1-2
Added Pin To Net: NetName=GND Pin=1-3
Added Pin To Net: NetName=GND Pin=C1-1
Added Pin To Net: NetName=+3.3V Pin=C1-2
Added Pin To Net: NetName=GND Pin=C2-1
Added Pin To Net: NetName=+3.3V Pin=C2-2
Added Pin To Net: NetName=GND Pin=C3-1
Added Pin To Net: NetName=NetC3_2 Pin=C3-2
Added Pin To Net: NetName=NetC4_1 Pin=C4-1
Added Pin To Net: NetName=GND Pin=C4-2
Added Pin To Net: NetName=GND Pin=C5-1
Added Pin To Net: NetName=+3.3V Pin=C5-2
Added Pin To Net: NetName=GND Pin=C6-1
Added Pin To Net: NetName=+3.3V Pin=C6-2
Added Pin To Net: NetName=GND Pin=C7-1
Added Pin To Net: NetName=NetC7_2 Pin=C7-2
Added Pin To Net: NetName=NetC8_1 Pin=C8-1
Added Pin To Net: NetName=GND Pin=C8-2
Added Pin To Net: NetName=+3.3V Pin=C9-1
Added Pin To Net: NetName=NetC9_2 Pin=C9-2
Added Pin To Net: NetName=GND Pin=C10-1
Added Pin To Net: NetName=OSC_OUT Pin=C10-2
Added Pin To Net: NetName=GND Pin=C11-1
Added Pin To Net: NetName=OSC_IN Pin=C11-2
Added Pin To Net: NetName=GND Pin=C12-1
Added Pin To Net: NetName=+5VCC Pin=C12-2
Added Pin To Net: NetName=GND Pin=C13-1
Added Pin To Net: NetName=+3.3V Pin=C13-2
Added Pin To Net: NetName=GND Pin=C14-1
Added Pin To Net: NetName=+3.3V Pin=C14-2
Added Pin To Net: NetName=GND Pin=C15-1
Added Pin To Net: NetName=+3.3V Pin=C15-2
Added Pin To Net: NetName=GND Pin=C16-1
Added Pin To Net: NetName=+3.3V Pin=C16-2
Added Pin To Net: NetName=+5VCC Pin=D1-1
Added Pin To Net: NetName=+5 Pin=D1-2
Added Pin To Net: NetName=+5_USB_VIN Pin=D2-1
Added Pin To Net: NetName=+5 Pin=D2-2
Added Pin To Net: NetName=+12_VIN Pin=E1-1
Added Pin To Net: NetName=GND Pin=E1-2
Added Pin To Net: NetName=+5VCC Pin=E2-1
Added Pin To Net: NetName=GND Pin=E2-2
Added Pin To Net: NetName=+12_VIN Pin=JP1-1
Added Pin To Net: NetName=GND Pin=JP1-2
Added Pin To Net: NetName=+5VCC Pin=JP2-1
Added Pin To Net: NetName=GND Pin=JP2-2
Added Pin To Net: NetName=AO2 Pin=Motor1-1
Added Pin To Net: NetName=+5VCC Pin=Motor1-2
Added Pin To Net: NetName=TIM2_CH1 Pin=Motor1-3
Added Pin To Net: NetName=TIM2_CH2 Pin=Motor1-4
Added Pin To Net: NetName=GND Pin=Motor1-5
Added Pin To Net: NetName=AO1 Pin=Motor1-6
Added Pin To Net: NetName=BO2 Pin=Motor2-1
Added Pin To Net: NetName=+5VCC Pin=Motor2-2
Added Pin To Net: NetName=TIM3_CH1 Pin=Motor2-3
Added Pin To Net: NetName=TIM3_CH2 Pin=Motor2-4
Added Pin To Net: NetName=GND Pin=Motor2-5
Added Pin To Net: NetName=BO1 Pin=Motor2-6
Added Pin To Net: NetName=+3.3V Pin=OLED1-1
Added Pin To Net: NetName=GND Pin=OLED1-2
Added Pin To Net: NetName=I2C_SCL_OLED Pin=OLED1-3
Added Pin To Net: NetName=I2C_SDA_OLED Pin=OLED1-4
Added Pin To Net: NetName=I2C_SCL_MPU6050 Pin=R1-1
Added Pin To Net: NetName=+3.3V Pin=R1-2
Added Pin To Net: NetName=I2C_SDA_MPU6050 Pin=R2-1
Added Pin To Net: NetName=+3.3V Pin=R2-2
Added Pin To Net: NetName=NetC8_1 Pin=R3-1
Added Pin To Net: NetName=+3.3V Pin=R3-2
Added Pin To Net: NetName=GND Pin=R4-1
Added Pin To Net: NetName=NetR4_2 Pin=R4-2
Added Pin To Net: NetName=NetC8_1 Pin=REST1-1
Added Pin To Net: NetName=GND Pin=REST1-2
Added Pin To Net: NetName=+12_VIN Pin=S1-1
Added Pin To Net: NetName=Net1_1 Pin=S1-2
Added Pin To Net: NetName=NetSW1_1 Pin=SW1-1
Added Pin To Net: NetName=GND Pin=SW1-2
Added Pin To Net: NetName=NetSW2_1 Pin=SW2-1
Added Pin To Net: NetName=GND Pin=SW2-2
Added Pin To Net: NetName=NetSW3_1 Pin=SW3-1
Added Pin To Net: NetName=GND Pin=SW3-2
Added Pin To Net: NetName=GND Pin=SYS1-1
Added Pin To Net: NetName=SWDIO Pin=SYS1-2
Added Pin To Net: NetName=SWCLK Pin=SYS1-3
Added Pin To Net: NetName=+3.3V Pin=SYS1-4
Added Pin To Net: NetName=+12_VIN Pin=U1-1
Added Pin To Net: NetName=+5VCC Pin=U1-2
Added Pin To Net: NetName=GND Pin=U1-3
Added Pin To Net: NetName=AO1 Pin=U1-4
Added Pin To Net: NetName=AO2 Pin=U1-5
Added Pin To Net: NetName=BO2 Pin=U1-6
Added Pin To Net: NetName=BO1 Pin=U1-7
Added Pin To Net: NetName=GND Pin=U1-8
Added Pin To Net: NetName=GND Pin=U1-9
Added Pin To Net: NetName=TIM1_CH2 Pin=U1-10
Added Pin To Net: NetName=BIN2 Pin=U1-11
Added Pin To Net: NetName=BIN1 Pin=U1-12
Added Pin To Net: NetName=+5VCC Pin=U1-13
Added Pin To Net: NetName=AIN1 Pin=U1-14
Added Pin To Net: NetName=AIN2 Pin=U1-15
Added Pin To Net: NetName=TIM1_CH1 Pin=U1-16
Added Pin To Net: NetName=NetC9_2 Pin=U2-1
Added Pin To Net: NetName=OSC_IN Pin=U2-5
Added Pin To Net: NetName=OSC_OUT Pin=U2-6
Added Pin To Net: NetName=NetC8_1 Pin=U2-7
Added Pin To Net: NetName=GND Pin=U2-8
Added Pin To Net: NetName=+3.3V Pin=U2-9
Added Pin To Net: NetName=TIM2_CH1 Pin=U2-10
Added Pin To Net: NetName=TIM2_CH2 Pin=U2-11
Added Pin To Net: NetName=USART2_TX Pin=U2-12
Added Pin To Net: NetName=USART2_RX Pin=U2-13
Added Pin To Net: NetName=TIM3_CH1 Pin=U2-16
Added Pin To Net: NetName=TIM3_CH2 Pin=U2-17
Added Pin To Net: NetName=NetSW1_1 Pin=U2-18
Added Pin To Net: NetName=NetSW2_1 Pin=U2-19
Added Pin To Net: NetName=NetSW3_1 Pin=U2-20
Added Pin To Net: NetName=I2C_SCL_MPU6050 Pin=U2-21
Added Pin To Net: NetName=I2C_SDA_MPU6050 Pin=U2-22
Added Pin To Net: NetName=GND Pin=U2-23
Added Pin To Net: NetName=+3.3V Pin=U2-24
Added Pin To Net: NetName=BIN2 Pin=U2-25
Added Pin To Net: NetName=BIN1 Pin=U2-26
Added Pin To Net: NetName=AIN1 Pin=U2-27
Added Pin To Net: NetName=AIN2 Pin=U2-28
Added Pin To Net: NetName=TIM1_CH1 Pin=U2-29
Added Pin To Net: NetName=TIM1_CH2 Pin=U2-30
Added Pin To Net: NetName=SWDIO Pin=U2-34
Added Pin To Net: NetName=GND Pin=U2-35
Added Pin To Net: NetName=+3.3V Pin=U2-36
Added Pin To Net: NetName=SWCLK Pin=U2-37
Added Pin To Net: NetName=I2C_SDA_OLED Pin=U2-39
Added Pin To Net: NetName=I2C_SCL_OLED Pin=U2-40
Added Pin To Net: NetName=USART1_TX Pin=U2-42
Added Pin To Net: NetName=USART1_RX Pin=U2-43
Added Pin To Net: NetName=GND Pin=U2-44
Added Pin To Net: NetName=TIM4_CH3 Pin=U2-45
Added Pin To Net: NetName=GND Pin=U2-47
Added Pin To Net: NetName=+3.3V Pin=U2-48
Added Pin To Net: NetName=GND Pin=U3-1
Added Pin To Net: NetName=+3.3V Pin=U3-8
Added Pin To Net: NetName=NetR4_2 Pin=U3-9
Added Pin To Net: NetName=NetC7_2 Pin=U3-10
Added Pin To Net: NetName=GND Pin=U3-11
Added Pin To Net: NetName=+3.3V Pin=U3-13
Added Pin To Net: NetName=GND Pin=U3-18
Added Pin To Net: NetName=NetC4_1 Pin=U3-20
Added Pin To Net: NetName=I2C_SCL_MPU6050 Pin=U3-23
Added Pin To Net: NetName=I2C_SDA_MPU6050 Pin=U3-24
Added Pin To Net: NetName=USBD1+ Pin=U4-1
Added Pin To Net: NetName=USBD1- Pin=U4-2
Added Pin To Net: NetName=GND Pin=U4-3
Added Pin To Net: NetName=+5VCC Pin=U4-5
Added Pin To Net: NetName=USART1_RX Pin=U4-6
Added Pin To Net: NetName=USART1_TX Pin=U4-7
Added Pin To Net: NetName=+3.3V Pin=U4-8
Added Pin To Net: NetName=GND Pin=USBC1-A1
Added Pin To Net: NetName=+5_USB_VIN Pin=USBC1-A4
Added Pin To Net: NetName=USBD1+ Pin=USBC1-A6
Added Pin To Net: NetName=USBD1- Pin=USBC1-A7
Added Pin To Net: NetName=+5_USB_VIN Pin=USBC1-A9
Added Pin To Net: NetName=GND Pin=USBC1-A12
Added Pin To Net: NetName=GND Pin=USBC1-B1
Added Pin To Net: NetName=+5_USB_VIN Pin=USBC1-B4
Added Pin To Net: NetName=USBD1+ Pin=USBC1-B6
Added Pin To Net: NetName=USBD1- Pin=USBC1-B7
Added Pin To Net: NetName=+5_USB_VIN Pin=USBC1-B9
Added Pin To Net: NetName=GND Pin=USBC1-B12
Added Pin To Net: NetName=+12_VIN Pin=V1-1
Added Pin To Net: NetName=GND Pin=V1-2
Added Pin To Net: NetName=+5VCC Pin=V1-3
Added Pin To Net: NetName=+5 Pin=V2-1
Added Pin To Net: NetName=GND Pin=V2-2
Added Pin To Net: NetName=+5 Pin=V2-3
Added Pin To Net: NetName=NetC3_2 Pin=V2-4
Added Pin To Net: NetName=+3.3V Pin=V2-5
Added Pin To Net: NetName=OSC_OUT Pin=X1-1
Added Pin To Net: NetName=OSC_IN Pin=X1-2
Added Pin To Net: NetName=TIM4_CH3 Pin=舵机1-1
Added Pin To Net: NetName=+5 Pin=舵机1-2
Added Pin To Net: NetName=GND Pin=舵机1-3
Added Member To Class: ClassName=main Member=Component 1 3.5*1.3
Added Member To Class: ClassName=main Member=Component C1 104
Added Member To Class: ClassName=main Member=Component C2 10uF
Added Member To Class: ClassName=main Member=Component C3 10nF
Added Member To Class: ClassName=main Member=Component C4 2.2nF
Added Member To Class: ClassName=main Member=Component C5 0.1uF
Added Member To Class: ClassName=main Member=Component C6 0.1uF
Added Member To Class: ClassName=main Member=Component C7 0.1uF
Added Member To Class: ClassName=main Member=Component C8 104
Added Member To Class: ClassName=main Member=Component C9 104
Added Member To Class: ClassName=main Member=Component C10 20pF
Added Member To Class: ClassName=main Member=Component C11 20pF
Added Member To Class: ClassName=main Member=Component C12 104
Added Member To Class: ClassName=main Member=Component C13 104
Added Member To Class: ClassName=main Member=Component C14 104
Added Member To Class: ClassName=main Member=Component C15 104
Added Member To Class: ClassName=main Member=Component C16 104
Added Member To Class: ClassName=main Member=Component D1 1N4148
Added Member To Class: ClassName=main Member=Component D2 1N4148
Added Member To Class: ClassName=main Member=Component E1 100uF/25V
Added Member To Class: ClassName=main Member=Component E2 100uF/25V
Added Member To Class: ClassName=main Member=Component JP1 HDR-1X2
Added Member To Class: ClassName=main Member=Component JP2 HDR-1X4
Added Member To Class: ClassName=main Member=Component Motor1 HDR-1X6
Added Member To Class: ClassName=main Member=Component Motor2 HDR-1X6
Added Member To Class: ClassName=main Member=Component OLED1 HDR-1X4
Added Member To Class: ClassName=main Member=Component R1 10K
Added Member To Class: ClassName=main Member=Component R2 10K
Added Member To Class: ClassName=main Member=Component R3 10K
Added Member To Class: ClassName=main Member=Component R4 10K
Added Member To Class: ClassName=main Member=Component REST1 3x6x5
Added Member To Class: ClassName=main Member=Component S1 SS-12F23
Added Member To Class: ClassName=main Member=Component SW1 3x6x5
Added Member To Class: ClassName=main Member=Component SW2 3x6x5
Added Member To Class: ClassName=main Member=Component SW3 3x6x5
Added Member To Class: ClassName=main Member=Component SYS1 HDR-1X4
Added Member To Class: ClassName=main Member=Component U1 TB6612FNG_电机驱动模块
Added Member To Class: ClassName=main Member=Component U2 STM32F103CBT6
Added Member To Class: ClassName=main Member=Component U3 MPU6050
Added Member To Class: ClassName=main Member=Component U4 CH340N
Added Member To Class: ClassName=main Member=Component USBC1 TYPE-C 2.0 -16P
Added Member To Class: ClassName=main Member=Component V1 LM7805
Added Member To Class: ClassName=main Member=Component V2 LP2992-3.3V
Added Member To Class: ClassName=main Member=Component X1 8MHz
Added Member To Class: ClassName=main Member=Component 舵机1 HDR-1X3
Added Room: Name=main
