Removed Pin From Net: NetName=+12_VIN Pin=1-1
Removed Pin From Net: NetName=+12_VIN Pin=C1-1
Removed Pin From Net: NetName=GND Pin=C1-2
Removed Pin From Net: NetName=+12_VIN Pin=C2-1
Removed Pin From Net: NetName=GND Pin=C2-2
Removed Pin From Net: NetName=+12_VIN Pin=C3-1
Removed Pin From Net: NetName=GND Pin=C3-2
Removed Pin From Net: NetName=+12_VIN Pin=C4-1
Removed Pin From Net: NetName=GND Pin=C4-2
Removed Pin From Net: NetName=GND Pin=C7-1
Removed Pin From Net: NetName=+5 Pin=C7-2
Removed Pin From Net: NetName=GND Pin=C8-1
Removed Pin From Net: NetName=+5 Pin=C8-2
Removed Pin From Net: NetName=GND Pin=C11-1
Removed Pin From Net: NetName=5V_5A Pin=C11-2
Removed Pin From Net: NetName=GND Pin=C12-1
Removed Pin From Net: NetName=5V_5A Pin=C12-2
Removed Pin From Net: NetName=GND Pin=C14-2
Removed Pin From Net: NetName=GND Pin=C28-1
Removed Pin From Net: NetName=+5 Pin=C28-2
Removed Pin From Net: NetName=GND Pin=D1-1
Removed Pin From Net: NetName=GND Pin=D2-1
Removed Pin From Net: NetName=+5 Pin=E1-1
Removed Pin From Net: NetName=5V_5A Pin=E2-1
Removed Pin From Net: NetName=+5 Pin=L1-1
Removed Pin From Net: NetName=5V_5A Pin=L2-1
Removed Pin From Net: NetName=+5 Pin=R1-2
Removed Pin From Net: NetName=5V_5A Pin=R2-2
Removed Pin From Net: NetName=GND Pin=R3-1
Removed Pin From Net: NetName=GND Pin=R4-1
Removed Pin From Net: NetName=+12_VIN Pin=R7-1
Removed Pin From Net: NetName=GND Pin=R8-2
Removed Pin From Net: NetName=GND Pin=U1-6
Removed Pin From Net: NetName=+12_VIN Pin=U1-7
Removed Pin From Net: NetName=GND Pin=U1-9
Removed Pin From Net: NetName=GND Pin=U2-6
Removed Pin From Net: NetName=+12_VIN Pin=U2-7
Removed Pin From Net: NetName=GND Pin=U2-9
Removed Pin From Net: NetName=GND Pin=U7-3
Removed Pin From Net: NetName=+5 Pin=U7-5
Removed Pin From Net: NetName=USART2_RX Pin=U7-6
Removed Pin From Net: NetName=USART2_TX Pin=U7-7
Removed Pin From Net: NetName=+3.3V Pin=U7-8
Removed Pin From Net: NetName=GND Pin=USBC2-A1
Removed Pin From Net: NetName=+5 Pin=USBC2-A4
Removed Pin From Net: NetName=USBD1+ Pin=USBC2-A6
Removed Pin From Net: NetName=USBD1- Pin=USBC2-A7
Removed Pin From Net: NetName=+5 Pin=USBC2-A9
Removed Pin From Net: NetName=GND Pin=USBC2-A12
Removed Pin From Net: NetName=GND Pin=USBC2-B1
Removed Pin From Net: NetName=+5 Pin=USBC2-B4
Removed Pin From Net: NetName=USBD1+ Pin=USBC2-B6
Removed Pin From Net: NetName=USBD1- Pin=USBC2-B7
Removed Pin From Net: NetName=+5 Pin=USBC2-B9
Removed Pin From Net: NetName=GND Pin=USBC2-B12
Removed Pin From Net: NetName=GND Pin=USBC3-A1
Removed Pin From Net: NetName=+5 Pin=USBC3-A4
Removed Pin From Net: NetName=+5 Pin=USBC3-A9
Removed Pin From Net: NetName=GND Pin=USBC3-A12
Removed Pin From Net: NetName=GND Pin=USBC3-B1
Removed Pin From Net: NetName=+5 Pin=USBC3-B4
Removed Pin From Net: NetName=+5 Pin=USBC3-B9
Removed Pin From Net: NetName=GND Pin=USBC3-B12
Removed Pin From Net: NetName=+5 Pin=V1-1
Removed Pin From Net: NetName=+5 Pin=V1-3
Removed Pin From Net: NetName=+5 Pin=舵机-2
Removed Member From Class: ClassName=main Member=C17
Removed Member From Class: ClassName=main Member=C18
Removed Member From Class: ClassName=main Member=C19
Removed Member From Class: ClassName=main Member=C20
Removed Member From Class: ClassName=main Member=C21
Removed Member From Class: ClassName=main Member=C22
Removed Member From Class: ClassName=main Member=C23
Removed Member From Class: ClassName=main Member=C24
Removed Member From Class: ClassName=main Member=C25
Removed Member From Class: ClassName=main Member=C26
Removed Member From Class: ClassName=main Member=C27
Removed Member From Class: ClassName=main Member=C28
Removed Member From Class: ClassName=main Member=L1
Removed Member From Class: ClassName=main Member=L2
Removed Member From Class: ClassName=main Member=R5
Removed Member From Class: ClassName=main Member=R6
Removed Member From Class: ClassName=main Member=R7
Removed Member From Class: ClassName=main Member=R8
Removed Member From Class: ClassName=main Member=R9
Removed Member From Class: ClassName=main Member=R10
Removed Member From Class: ClassName=main Member=R11
Removed Member From Class: ClassName=main Member=R12
Removed Member From Class: ClassName=main Member=U5
Removed Member From Class: ClassName=main Member=U6
Removed Member From Class: ClassName=main Member=U7
Removed Member From Class: ClassName=main Member=USBC2
Removed Member From Class: ClassName=main Member=USBC3
Change Component Footprint: Designator=E1 Old Footprint=CE C(5*5.4) New Footprint=CE D(6.3*7.7)
Change Component Footprint: Designator=E2 Old Footprint=CE C(5*5.4) New Footprint=CE D(6.3*7.7)
Change Component Footprint: Designator=D1 Old Footprint=SMA New Footprint=MINI_MELF (LL34)
Change Component Footprint: Designator=D2 Old Footprint=SMA New Footprint=MINI_MELF (LL34)
Change Component Comment : Designator=E1 Old Comment=220uF/16V New Comment=100uF/25V
Change Component Comment : Designator=E2 Old Comment=220uF/16V New Comment=100uF/25V
Change Component Comment : Designator=D1 Old Comment=SS14 New Comment=1N4148
Change Component Comment : Designator=D2 Old Comment=SS14 New Comment=1N4148
Change Component Designator: OldDesignator=C5 NewDesignator=C1
Change Component Designator: OldDesignator=C6 NewDesignator=C2
Change Component Designator: OldDesignator=C9 NewDesignator=C3
Change Component Designator: OldDesignator=C15 NewDesignator=C4
Change Component Designator: OldDesignator=C16 NewDesignator=C5
Change Component Designator: OldDesignator=C17 NewDesignator=C6
Change Component Designator: OldDesignator=C18 NewDesignator=C7
Change Component Designator: OldDesignator=C19 NewDesignator=C8
Change Component Designator: OldDesignator=C20 NewDesignator=C9
Change Component Designator: OldDesignator=C21 NewDesignator=C10
Change Component Designator: OldDesignator=C22 NewDesignator=C11
Change Component Designator: OldDesignator=C23 NewDesignator=C12
Change Component Designator: OldDesignator=C24 NewDesignator=C13
Change Component Designator: OldDesignator=C25 NewDesignator=C14
Change Component Designator: OldDesignator=C26 NewDesignator=C15
Change Component Designator: OldDesignator=C27 NewDesignator=C16
Change Component Designator: OldDesignator=OLED NewDesignator=OLED1
Change Component Designator: OldDesignator=R9 NewDesignator=R1
Change Component Designator: OldDesignator=R10 NewDesignator=R2
Change Component Designator: OldDesignator=R11 NewDesignator=R3
Change Component Designator: OldDesignator=R12 NewDesignator=R4
Change Component Designator: OldDesignator=U3 NewDesignator=U1
Change Component Designator: OldDesignator=U4 NewDesignator=U2
Change Component Designator: OldDesignator=U5 NewDesignator=U3
Change Component Designator: OldDesignator=U6 NewDesignator=U4
Change Component Designator: OldDesignator=V1 NewDesignator=V2
Change Component Designator: OldDesignator=舵机 NewDesignator=舵机1
Change component parameters: Designator = "D1" ("D1"); Footprint = "SMA"; UniqueID = "\AWDNXKTC" ("\AWDNXKTC")
Change component parameters (AddParameter): Name = "BOM名称"; Value = "高速开关二极管"; VariantName = "[No Variations]"
Change component parameters (AddParameter): Name = "以赠品形式获赠本封装库的买家，还可联系卖家免费指导AD软件使用"; Value = "封装库来自淘宝卖家ID：黄晶宝石"; VariantName = "[No Variations]"
Change component parameters: Designator = "D2" ("D2"); Footprint = "SMA"; UniqueID = "\SCKZTDNM" ("\SCKZTDNM")
Change component parameters (AddParameter): Name = "BOM名称"; Value = "高速开关二极管"; VariantName = "[No Variations]"
Change component parameters (AddParameter): Name = "以赠品形式获赠本封装库的买家，还可联系卖家免费指导AD软件使用"; Value = "封装库来自淘宝卖家ID：黄晶宝石"; VariantName = "[No Variations]"
Added Component: Designator=JP1(KF350-2P)
Add component (AddParameter): Name = "BOM名称"; Value = "2P接插件"; VariantName = "[No Variations]"
Add component (AddParameter): Name = "联系卖家，免费技术支持"; Value = "唯一出售店铺网址https://shop463601444.taobao.com"; VariantName = "[No Variations]"
Added Component: Designator=JP2(XH2.54-LI-4P)
Add component (AddParameter): Name = "BOM名称"; Value = "4P接插件"; VariantName = "[No Variations]"
Add component (AddParameter): Name = "封装库来自淘宝卖家ID:黄晶宝石"; Value = "其他店铺购入均为盗版假冒封装库，请立即申请退款，本店现金奖励20~200元"; VariantName = "[No Variations]"
Add component (AddParameter): Name = "联系卖家，免费查找封装"; Value = "唯一出售店铺网址https://shop463601444.taobao.com"; VariantName = "[No Variations]"
Added Component: Designator=S1(SS-12F23)
Add component (AddParameter): Name = "BOM名称"; Value = "波动开关"; VariantName = "[No Variations]"
Add component (AddParameter): Name = "封装库来自淘宝卖家ID：黄晶宝石"; Value = "其他店铺购入的，请立即申请退款，本店现金奖励20~500元"; VariantName = "[No Variations]"
Add component (AddParameter): Name = "联系卖家，免费查找封装"; Value = "唯一出售店铺网址https://shop463601444.taobao.com"; VariantName = "[No Variations]"
Added Component: Designator=V1(TO252)
Add component (AddParameter): Name = "BOM名称"; Value = "5V线性稳压芯片"; VariantName = "[No Variations]"
Add component (AddParameter): Name = "封装库来自淘宝卖家ID：黄晶宝石"; Value = "其他店铺购入的买家，请立即申请退款，本店现金奖励20~1000元"; VariantName = "[No Variations]"
Added Pin To Net: NetName=+5 Pin=D1-1
Added Pin To Net: NetName=5V_5A Pin=D2-1
Added Pin To Net: NetName=+12_VIN Pin=E1-1
Added Pin To Net: NetName=+5 Pin=E2-1
Added Pin To Net: NetName=+12_VIN Pin=JP1-1
Added Pin To Net: NetName=GND Pin=JP1-2
Added Pin To Net: NetName=+5 Pin=JP2-1
Added Pin To Net: NetName=GND Pin=JP2-2
Added Pin To Net: NetName=+12_VIN Pin=S1-1
Added Pin To Net: NetName=USBD1+ Pin=USBC1-A6
Added Pin To Net: NetName=USBD1- Pin=USBC1-A7
Added Pin To Net: NetName=USBD1+ Pin=USBC1-B6
Added Pin To Net: NetName=USBD1- Pin=USBC1-B7
Added Pin To Net: NetName=+12_VIN Pin=V1-1
Added Pin To Net: NetName=GND Pin=V1-2
Added Pin To Net: NetName=+5 Pin=V1-3
Change Net Name : Old Net Name=+5 New Net Name=+5VCC
Change Net Name : Old Net Name=5V_5A New Net Name=+5_USB_VIN
Change Net Name : Old Net Name=NetC9_2 New Net Name=NetC3_2
Change Net Name : Old Net Name=NetC15_1 New Net Name=NetC4_1
Change Net Name : Old Net Name=NetC18_2 New Net Name=NetC7_2
Change Net Name : Old Net Name=NetC19_1 New Net Name=NetC8_1
Change Net Name : Old Net Name=NetC20_2 New Net Name=NetC9_2
Change Net Name : Old Net Name=NetR12_2 New Net Name=NetR4_2
Added Pin To Net: NetName=+5 Pin=D1-2
Added Pin To Net: NetName=+5 Pin=D2-2
Added Pin To Net: NetName=+5 Pin=V2-1
Added Pin To Net: NetName=+5 Pin=V2-3
Added Pin To Net: NetName=+5 Pin=舵机1-2
Added Net: Name=+5
Added Pin To Net: NetName=Net1_1 Pin=1-1
Added Pin To Net: NetName=Net1_1 Pin=S1-2
Added Net: Name=Net1_1
Added Member To Class: ClassName=main Member=Component JP1 HDR-1X2
Added Member To Class: ClassName=main Member=Component JP2 HDR-1X4
Added Member To Class: ClassName=main Member=Component S1 SS-12F23
Added Member To Class: ClassName=main Member=Component V2 LP2992-3.3V
Added Room: Name=main
